<?xml version="1.0" encoding="UTF-8"?>
<testsuite xmlns:xsi="http://www.w3.org/2001/XMLSchema-instance" xsi:noNamespaceSchemaLocation="https://maven.apache.org/surefire/maven-surefire-plugin/xsd/surefire-test-report.xsd" name="com.beidou.exchange.test.OcrTest" time="0.005" tests="0" errors="0" skipped="0" failures="0">
  <properties>
    <property name="gopherProxySet" value="false"/>
    <property name="awt.toolkit" value="sun.lwawt.macosx.LWCToolkit"/>
    <property name="file.encoding.pkg" value="sun.io"/>
    <property name="java.specification.version" value="1.8"/>
    <property name="sun.cpu.isalist" value=""/>
    <property name="sun.jnu.encoding" value="UTF-8"/>
    <property name="java.class.path" value="/Users/fengguoqing/coinExchange/bd-ocr/bd-ocr-service-impl/target/test-classes:/Users/fengguoqing/coinExchange/bd-ocr/bd-ocr-service-impl/target/classes:/Users/fengguoqing/.m2/repository/org/springframework/spring-context/5.0.2.RELEASE/spring-context-5.0.2.RELEASE.jar:/Users/fengguoqing/.m2/repository/org/springframework/spring-aop/5.0.6.RELEASE/spring-aop-5.0.6.RELEASE.jar:/Users/fengguoqing/.m2/repository/org/springframework/spring-beans/5.0.6.RELEASE/spring-beans-5.0.6.RELEASE.jar:/Users/fengguoqing/.m2/repository/org/springframework/spring-core/5.0.6.RELEASE/spring-core-5.0.6.RELEASE.jar:/Users/fengguoqing/.m2/repository/org/springframework/spring-jcl/5.0.6.RELEASE/spring-jcl-5.0.6.RELEASE.jar:/Users/fengguoqing/.m2/repository/org/springframework/spring-expression/5.0.6.RELEASE/spring-expression-5.0.6.RELEASE.jar:/Users/fengguoqing/coinExchange/bd-ocr/bd-ocr-service/target/bd-ocr-service-0.0.1.jar:/Users/fengguoqing/.m2/repository/com/baidu/aip/java-sdk/4.3.0/java-sdk-4.3.0.jar:/Users/fengguoqing/.m2/repository/org/json/json/20160810/json-20160810.jar:/Users/fengguoqing/.m2/repository/org/apache/commons/commons-lang3/3.5/commons-lang3-3.5.jar:/Users/fengguoqing/.m2/repository/commons-collections/commons-collections/3.2.2/commons-collections-3.2.2.jar:/Users/fengguoqing/.m2/repository/commons-beanutils/commons-beanutils/1.9.3/commons-beanutils-1.9.3.jar:/Users/fengguoqing/.m2/repository/commons-logging/commons-logging/1.2/commons-logging-1.2.jar:/Users/fengguoqing/.m2/repository/org/slf4j/slf4j-api/1.7.2/slf4j-api-1.7.2.jar:/Users/fengguoqing/.m2/repository/org/slf4j/slf4j-log4j12/1.7.21/slf4j-log4j12-1.7.21.jar:/Users/fengguoqing/.m2/repository/log4j/log4j/1.2.17/log4j-1.2.17.jar:/Users/fengguoqing/.m2/repository/com/alibaba/fastjson/1.2.36/fastjson-1.2.36.jar:/Users/fengguoqing/.m2/repository/org/projectlombok/lombok/1.16.20/lombok-1.16.20.jar:/Users/fengguoqing/.m2/repository/com/esotericsoftware/kryo/kryo/2.24.0/kryo-2.24.0.jar:/Users/fengguoqing/.m2/repository/com/esotericsoftware/minlog/minlog/1.2/minlog-1.2.jar:/Users/fengguoqing/.m2/repository/org/objenesis/objenesis/2.1/objenesis-2.1.jar:/Users/fengguoqing/.m2/repository/org/aspectj/aspectjrt/1.8.9/aspectjrt-1.8.9.jar:/Users/fengguoqing/.m2/repository/org/aspectj/aspectjweaver/1.8.9/aspectjweaver-1.8.9.jar:"/>
    <property name="java.vm.vendor" value="Oracle Corporation"/>
    <property name="sun.arch.data.model" value="64"/>
    <property name="java.vendor.url" value="http://java.oracle.com/"/>
    <property name="user.timezone" value="Asia/Shanghai"/>
    <property name="java.vm.specification.version" value="1.8"/>
    <property name="os.name" value="Mac OS X"/>
    <property name="user.country" value="CN"/>
    <property name="sun.java.launcher" value="SUN_STANDARD"/>
    <property name="sun.boot.library.path" value="/Library/Java/JavaVirtualMachines/jdk1.8.0_40.jdk/Contents/Home/jre/lib"/>
    <property name="sun.java.command" value="/Users/fengguoqing/coinExchange/bd-ocr/bd-ocr-service-impl/target/surefire/surefirebooter6825746846007528550.jar /Users/fengguoqing/coinExchange/bd-ocr/bd-ocr-service-impl/target/surefire 2018-09-07T15-02-49_687-jvmRun1 surefire5264588388955834530tmp surefire_03399242085273790499tmp"/>
    <property name="surefire.test.class.path" value="/Users/fengguoqing/coinExchange/bd-ocr/bd-ocr-service-impl/target/test-classes:/Users/fengguoqing/coinExchange/bd-ocr/bd-ocr-service-impl/target/classes:/Users/fengguoqing/.m2/repository/org/springframework/spring-context/5.0.2.RELEASE/spring-context-5.0.2.RELEASE.jar:/Users/fengguoqing/.m2/repository/org/springframework/spring-aop/5.0.6.RELEASE/spring-aop-5.0.6.RELEASE.jar:/Users/fengguoqing/.m2/repository/org/springframework/spring-beans/5.0.6.RELEASE/spring-beans-5.0.6.RELEASE.jar:/Users/fengguoqing/.m2/repository/org/springframework/spring-core/5.0.6.RELEASE/spring-core-5.0.6.RELEASE.jar:/Users/fengguoqing/.m2/repository/org/springframework/spring-jcl/5.0.6.RELEASE/spring-jcl-5.0.6.RELEASE.jar:/Users/fengguoqing/.m2/repository/org/springframework/spring-expression/5.0.6.RELEASE/spring-expression-5.0.6.RELEASE.jar:/Users/fengguoqing/coinExchange/bd-ocr/bd-ocr-service/target/bd-ocr-service-0.0.1.jar:/Users/fengguoqing/.m2/repository/com/baidu/aip/java-sdk/4.3.0/java-sdk-4.3.0.jar:/Users/fengguoqing/.m2/repository/org/json/json/20160810/json-20160810.jar:/Users/fengguoqing/.m2/repository/org/apache/commons/commons-lang3/3.5/commons-lang3-3.5.jar:/Users/fengguoqing/.m2/repository/commons-collections/commons-collections/3.2.2/commons-collections-3.2.2.jar:/Users/fengguoqing/.m2/repository/commons-beanutils/commons-beanutils/1.9.3/commons-beanutils-1.9.3.jar:/Users/fengguoqing/.m2/repository/commons-logging/commons-logging/1.2/commons-logging-1.2.jar:/Users/fengguoqing/.m2/repository/org/slf4j/slf4j-api/1.7.2/slf4j-api-1.7.2.jar:/Users/fengguoqing/.m2/repository/org/slf4j/slf4j-log4j12/1.7.21/slf4j-log4j12-1.7.21.jar:/Users/fengguoqing/.m2/repository/log4j/log4j/1.2.17/log4j-1.2.17.jar:/Users/fengguoqing/.m2/repository/com/alibaba/fastjson/1.2.36/fastjson-1.2.36.jar:/Users/fengguoqing/.m2/repository/org/projectlombok/lombok/1.16.20/lombok-1.16.20.jar:/Users/fengguoqing/.m2/repository/com/esotericsoftware/kryo/kryo/2.24.0/kryo-2.24.0.jar:/Users/fengguoqing/.m2/repository/com/esotericsoftware/minlog/minlog/1.2/minlog-1.2.jar:/Users/fengguoqing/.m2/repository/org/objenesis/objenesis/2.1/objenesis-2.1.jar:/Users/fengguoqing/.m2/repository/org/aspectj/aspectjrt/1.8.9/aspectjrt-1.8.9.jar:/Users/fengguoqing/.m2/repository/org/aspectj/aspectjweaver/1.8.9/aspectjweaver-1.8.9.jar:"/>
    <property name="sun.cpu.endian" value="little"/>
    <property name="user.home" value="/Users/fengguoqing"/>
    <property name="user.language" value="zh"/>
    <property name="java.specification.vendor" value="Oracle Corporation"/>
    <property name="java.home" value="/Library/Java/JavaVirtualMachines/jdk1.8.0_40.jdk/Contents/Home/jre"/>
    <property name="basedir" value="/Users/fengguoqing/coinExchange/bd-ocr/bd-ocr-service-impl"/>
    <property name="file.separator" value="/"/>
    <property name="line.separator" value="&#10;"/>
    <property name="java.vm.specification.vendor" value="Oracle Corporation"/>
    <property name="java.specification.name" value="Java Platform API Specification"/>
    <property name="java.awt.graphicsenv" value="sun.awt.CGraphicsEnvironment"/>
    <property name="surefire.real.class.path" value="/Users/fengguoqing/coinExchange/bd-ocr/bd-ocr-service-impl/target/surefire/surefirebooter6825746846007528550.jar"/>
    <property name="sun.boot.class.path" value="/Library/Java/JavaVirtualMachines/jdk1.8.0_40.jdk/Contents/Home/jre/lib/resources.jar:/Library/Java/JavaVirtualMachines/jdk1.8.0_40.jdk/Contents/Home/jre/lib/rt.jar:/Library/Java/JavaVirtualMachines/jdk1.8.0_40.jdk/Contents/Home/jre/lib/sunrsasign.jar:/Library/Java/JavaVirtualMachines/jdk1.8.0_40.jdk/Contents/Home/jre/lib/jsse.jar:/Library/Java/JavaVirtualMachines/jdk1.8.0_40.jdk/Contents/Home/jre/lib/jce.jar:/Library/Java/JavaVirtualMachines/jdk1.8.0_40.jdk/Contents/Home/jre/lib/charsets.jar:/Library/Java/JavaVirtualMachines/jdk1.8.0_40.jdk/Contents/Home/jre/lib/jfr.jar:/Library/Java/JavaVirtualMachines/jdk1.8.0_40.jdk/Contents/Home/jre/classes"/>
    <property name="sun.management.compiler" value="HotSpot 64-Bit Tiered Compilers"/>
    <property name="java.runtime.version" value="1.8.0_40-b27"/>
    <property name="user.name" value="fengguoqing"/>
    <property name="path.separator" value=":"/>
    <property name="os.version" value="10.12.6"/>
    <property name="java.endorsed.dirs" value="/Library/Java/JavaVirtualMachines/jdk1.8.0_40.jdk/Contents/Home/jre/lib/endorsed"/>
    <property name="java.runtime.name" value="Java(TM) SE Runtime Environment"/>
    <property name="file.encoding" value="UTF-8"/>
    <property name="java.vm.name" value="Java HotSpot(TM) 64-Bit Server VM"/>
    <property name="localRepository" value="/Users/fengguoqing/.m2/repository"/>
    <property name="java.vendor.url.bug" value="http://bugreport.sun.com/bugreport/"/>
    <property name="java.io.tmpdir" value="/var/folders/k9/yy653h612_q_8b86cb8721z40000gn/T/"/>
    <property name="idea.version" value="14.1.6"/>
    <property name="java.version" value="1.8.0_40"/>
    <property name="user.dir" value="/Users/fengguoqing/coinExchange/bd-ocr/bd-ocr-service-impl"/>
    <property name="os.arch" value="x86_64"/>
    <property name="java.vm.specification.name" value="Java Virtual Machine Specification"/>
    <property name="java.awt.printerjob" value="sun.lwawt.macosx.CPrinterJob"/>
    <property name="sun.os.patch.level" value="unknown"/>
    <property name="java.library.path" value="/Users/fengguoqing/Library/Java/Extensions:/Library/Java/Extensions:/Network/Library/Java/Extensions:/System/Library/Java/Extensions:/usr/lib/java:."/>
    <property name="java.vm.info" value="mixed mode"/>
    <property name="java.vendor" value="Oracle Corporation"/>
    <property name="java.vm.version" value="25.40-b25"/>
    <property name="java.ext.dirs" value="/Users/fengguoqing/Library/Java/Extensions:/Library/Java/JavaVirtualMachines/jdk1.8.0_40.jdk/Contents/Home/jre/lib/ext:/Library/Java/Extensions:/Network/Library/Java/Extensions:/System/Library/Java/Extensions:/usr/lib/java"/>
    <property name="sun.io.unicode.encoding" value="UnicodeBig"/>
    <property name="java.class.version" value="52.0"/>
  </properties>
</testsuite>